-------------------------------------------------------------------------------
Test set: com.capstone.collectify.DiscussionApplicationTests
-------------------------------------------------------------------------------
Tests run: 1, Failures: 0, Errors: 1, Skipped: 0, Time elapsed: 20.624 s <<< FAILURE! - in com.capstone.collectify.DiscussionApplicationTests
contextLoads  Time elapsed: 0.026 s  <<< ERROR!
java.lang.IllegalStateException: Failed to load ApplicationContext
Caused by: org.springframework.beans.factory.BeanCreationException: Error creating bean with name 'entityManagerFactory' defined in class path resource [org/springframework/boot/autoconfigure/orm/jpa/HibernateJpaConfiguration.class]: Invocation of init method failed; nested exception is javax.persistence.PersistenceException: [PersistenceUnit: default] Unable to build Hibernate SessionFactory; nested exception is org.hibernate.exception.SQLGrammarException: Error accessing column metadata: defaultdb.client
Caused by: javax.persistence.PersistenceException: [PersistenceUnit: default] Unable to build Hibernate SessionFactory; nested exception is org.hibernate.exception.SQLGrammarException: Error accessing column metadata: defaultdb.client
Caused by: org.hibernate.exception.SQLGrammarException: Error accessing column metadata: defaultdb.client
Caused by: java.sql.SQLSyntaxErrorException: Table 'defaultdb.client' doesn't exist

